<?xml version="1.0" encoding="UTF-8"?>
<!-- Generated by org.testng.reporters.JUnitXMLReporter -->
<testsuite ignored="0" hostname="vishu-HP-ProBook-640-G2" failures="0" tests="7" name="Test" time="69.878" errors="0" timestamp="2023-07-14T11:47:44 IST">
  <testcase classname="com.B.Xuriti.LogIn.Tc_02_Login_CheckError" name="login_InvalidMail" time="8.155"/>
  <testcase classname="com.B.Xuriti.LogIn.Tc_02_Login_CheckError" name="login_InvalidPassword" time="8.296"/>
  <testcase classname="com.B.Xuriti.LogIn.Tc_02_Login_CheckError" name="login_allfieldblank" time="11.295"/>
  <testcase classname="com.B.Xuriti.LogIn.Tc_02_Login_CheckError" name="login_uknownuser" time="8.216"/>
  <testcase classname="com.B.Xuriti.LogIn.Tc_01_Login_DataProvider" name="login_userPanel" time="9.284"/>
  <testcase classname="com.B.Xuriti.LogIn.Tc_01_Login_DataProvider" name="login_userPanel" time="8.97"/>
  <testcase classname="com.B.Xuriti.LogIn.Tc_01_Login_DataProvider" name="login_userPanel" time="9.286"/>
</testsuite> <!-- Test -->
