<?xml version="1.0" encoding="UTF-8"?>
<!-- Generated by org.testng.reporters.JUnitXMLReporter -->
<testsuite ignored="0" hostname="vishu-HP-ProBook-640-G2" failures="0" tests="4" name="Test" time="34.968" errors="0" timestamp="2023-07-14T11:43:40 IST">
  <testcase classname="com.A.Xuriti.SignUp.Tc_03_SignUp_InvalidMobileNo" name="signUp_invalidName" time="0.963"/>
  <testcase classname="com.A.Xuriti.SignUp.Tc_01_SignUP_InvalidName" name="signUp_invalidName" time="1.082"/>
  <testcase classname="com.A.Xuriti.SignUp.Tc_04_SignUp_InvalidOTP" name="signUp_invalidName" time="16.225"/>
  <testcase classname="com.A.Xuriti.SignUp.Tc_02_SingUp_InvalidLastname" name="signUp_invalidName" time="4.881"/>
</testsuite> <!-- Test -->
