<?xml version="1.0" encoding="UTF-8"?>
<testng-results ignored="0" total="1" passed="0" failed="1" skipped="0">
  <reporter-output>
    <line>
      <![CDATA[User Login Successfully Test Case Passed]]>
    </line>
    <line>
      <![CDATA[<a href='/home/vk/eclipse-workspace/QuickAssist/./ScreenShot/.jpg'> <img src='/home/vk/eclipse-workspace/QuickAssist/./ScreenShot/.jpg' height='100' width='100'/> </a>]]>
    </line>
  </reporter-output>
  <suite started-at="2023-12-17T20:05:22 IST" name="Default suite" finished-at="2023-12-17T20:05:46 IST" duration-ms="24753">
    <groups>
    </groups>
    <test started-at="2023-12-17T20:05:22 IST" name="Default test" finished-at="2023-12-17T20:05:46 IST" duration-ms="24753">
      <class name="com.qa.loginpage.TC_01UserLoginTest">
        <test-method is-config="true" signature="startbrowser()[pri:0, instance:com.qa.loginpage.TC_01UserLoginTest@10163d6]" started-at="2023-12-17T20:05:22 IST" name="startbrowser" finished-at="2023-12-17T20:05:28 IST" duration-ms="6645" status="PASS">
          <reporter-output>
          </reporter-output>
        </test-method> <!-- startbrowser -->
        <test-method signature="userlogin()[pri:1, instance:com.qa.loginpage.TC_01UserLoginTest@10163d6]" started-at="2023-12-17T20:05:28 IST" name="userlogin" finished-at="2023-12-17T20:05:46 IST" duration-ms="17823" status="FAIL">
          <exception class="java.lang.AssertionError">
            <message>
              <![CDATA[null]]>
            </message>
            <full-stacktrace>
              <![CDATA[java.lang.AssertionError: null
at org.testng.Assert.fail(Assert.java:110)
at org.testng.Assert.fail(Assert.java:115)
at com.qa.loginpage.TC_01UserLoginTest.userlogin(TC_01UserLoginTest.java:58)
at java.base/jdk.internal.reflect.NativeMethodAccessorImpl.invoke0(Native Method)
at java.base/jdk.internal.reflect.NativeMethodAccessorImpl.invoke(NativeMethodAccessorImpl.java:62)
at java.base/jdk.internal.reflect.DelegatingMethodAccessorImpl.invoke(DelegatingMethodAccessorImpl.java:43)
at java.base/java.lang.reflect.Method.invoke(Method.java:566)
at org.testng.internal.invokers.MethodInvocationHelper.invokeMethod(MethodInvocationHelper.java:139)
at org.testng.internal.invokers.TestInvoker.invokeMethod(TestInvoker.java:677)
at org.testng.internal.invokers.TestInvoker.invokeTestMethod(TestInvoker.java:221)
at org.testng.internal.invokers.MethodRunner.runInSequence(MethodRunner.java:50)
at org.testng.internal.invokers.TestInvoker$MethodInvocationAgent.invoke(TestInvoker.java:969)
at org.testng.internal.invokers.TestInvoker.invokeTestMethods(TestInvoker.java:194)
at org.testng.internal.invokers.TestMethodWorker.invokeTestMethods(TestMethodWorker.java:148)
at org.testng.internal.invokers.TestMethodWorker.run(TestMethodWorker.java:128)
at java.base/java.util.ArrayList.forEach(ArrayList.java:1541)
at org.testng.TestRunner.privateRun(TestRunner.java:829)
at org.testng.TestRunner.run(TestRunner.java:602)
at org.testng.SuiteRunner.runTest(SuiteRunner.java:437)
at org.testng.SuiteRunner.runSequentially(SuiteRunner.java:431)
at org.testng.SuiteRunner.privateRun(SuiteRunner.java:391)
at org.testng.SuiteRunner.run(SuiteRunner.java:330)
at org.testng.SuiteRunnerWorker.runSuite(SuiteRunnerWorker.java:52)
at org.testng.SuiteRunnerWorker.run(SuiteRunnerWorker.java:95)
at org.testng.TestNG.runSuitesSequentially(TestNG.java:1256)
at org.testng.TestNG.runSuitesLocally(TestNG.java:1176)
at org.testng.TestNG.runSuites(TestNG.java:1099)
at org.testng.TestNG.run(TestNG.java:1067)
at org.testng.remote.AbstractRemoteTestNG.run(AbstractRemoteTestNG.java:115)
at org.testng.remote.RemoteTestNG.initAndRun(RemoteTestNG.java:251)
at org.testng.remote.RemoteTestNG.main(RemoteTestNG.java:77)
]]>
            </full-stacktrace>
          </exception> <!-- java.lang.AssertionError -->
          <reporter-output>
            <line>
              <![CDATA[User Login Successfully Test Case Passed]]>
            </line>
            <line>
              <![CDATA[<a href='/home/vk/eclipse-workspace/QuickAssist/./ScreenShot/.jpg'> <img src='/home/vk/eclipse-workspace/QuickAssist/./ScreenShot/.jpg' height='100' width='100'/> </a>]]>
            </line>
          </reporter-output>
        </test-method> <!-- userlogin -->
        <test-method is-config="true" signature="quitBrowser()[pri:0, instance:com.qa.loginpage.TC_01UserLoginTest@10163d6]" started-at="2023-12-17T20:05:46 IST" name="quitBrowser" finished-at="2023-12-17T20:05:46 IST" duration-ms="113" status="PASS">
          <reporter-output>
          </reporter-output>
        </test-method> <!-- quitBrowser -->
      </class> <!-- com.qa.loginpage.TC_01UserLoginTest -->
    </test> <!-- Default test -->
  </suite> <!-- Default suite -->
</testng-results>
