<?xml version="1.0" encoding="UTF-8"?>
<!-- Generated by org.testng.reporters.JUnitXMLReporter -->
<testsuite ignored="0" hostname="vk-HP-ProBook-640-G2" failures="0" tests="26" name="Test" time="698.688" errors="0" timestamp="2023-10-06T16:47:50 IST">
  <testcase classname="com.D.Xuriti.InvoiceUpload.TC_00_InvoiceGenerator" name="invoiceCreateMultiple" time="4.915"/>
  <testcase classname="com.D.Xuriti.InvoiceUpload.TC_00_InvoiceGenerator" name="invoiceCreateHold" time="4.051"/>
  <testcase classname="com.D.Xuriti.InvoiceUpload.TC_00_InvoiceGenerator" name="invoiceCreateunknown" time="4.075"/>
  <testcase classname="com.A.Xuriti.SignUp.Tc_01_SignUP_InvalidName" name="signUpInvalidName" time="0.913"/>
  <testcase classname="com.A.Xuriti.SignUp.Tc_02_SingUp_InvalidLastname" name="signUpInvalidLastName" time="4.876"/>
  <testcase classname="com.A.Xuriti.SignUp.Tc_03_SignUp_InvalidMobileNo" name="signUpInvalidNo" time="4.906"/>
  <testcase classname="com.A.Xuriti.SignUp.Tc_04_SignUp_InvalidOTP" name="signUpInvalidOTP" time="23.214"/>
  <testcase classname="com.B.Xuriti.LogIn.Tc_01_Login_DataProvider" name="login_userPanel" time="9.068"/>
  <testcase classname="com.B.Xuriti.LogIn.Tc_01_Login_DataProvider" name="login_userPanel" time="8.966"/>
  <testcase classname="com.B.Xuriti.LogIn.Tc_01_Login_DataProvider" name="login_userPanel" time="8.999"/>
  <testcase classname="com.B.Xuriti.LogIn.Tc_02_Login_CheckError" name="loginWithInvalidMail" time="8.235"/>
  <testcase classname="com.B.Xuriti.LogIn.Tc_02_Login_CheckError" name="loginWithInvalidPassword" time="7.764"/>
  <testcase classname="com.B.Xuriti.LogIn.Tc_02_Login_CheckError" name="loginWithAllfieldblank" time="10.778"/>
  <testcase classname="com.B.Xuriti.LogIn.Tc_02_Login_CheckError" name="loginWithUknownUser" time="7.889"/>
  <testcase classname="com.C.Xuriti.AddCompany.TC_01_AddCompany" name="Addduplicatecompany" time="21.966"/>
  <testcase classname="com.C.Xuriti.AddCompany.TC_01_AddCompany" name="BlankGstNo" time="18.553"/>
  <testcase classname="com.C.Xuriti.AddCompany.TC_01_AddCompany" name="InValidGstNo" time="25.438"/>
  <testcase classname="com.C.Xuriti.AddCompany.TC_01_AddCompany" name="unchekedTermsandConditions" time="51.511"/>
  <testcase classname="com.D.Xuriti.InvoiceUpload.TC_1_InvoiceUpload_MultipleInvoices" name="invoiceUploadValidation" time="24.912"/>
  <testcase classname="com.D.Xuriti.InvoiceUpload.TC_2_InvoiceUpload_HoldCompany" name="invoiceUploadInvalidBuyerGSTNo" time="20.468"/>
  <testcase classname="com.D.Xuriti.InvoiceUpload.TC_3_InvoiceUpload_UnknownCompany" name="invoiceUpload_invalidBuyerGstNo" time="13.105"/>
  <testcase classname="com.F.Xuriti.NBFC.TC_01_NBFC_Statuscheck" name="nbfcStatusCheck" time="58.925"/>
  <testcase classname="com.F.Xuriti.NBFC.TC_02_NBFC_EditFields" name="nbfcField_change" time="123.239"/>
  <testcase classname="com.F.Xuriti.NBFC.TC_03_NBFC_CompanyPending" name="nbfcStatus_Pending" time="61.144"/>
  <testcase classname="com.F.Xuriti.NBFC.TC_06_NBFC_REMAP" name="NbfcAlreadyMapped" time="84.798"/>
  <testcase classname="com.F.Xuriti.NBFC.TC_08_NBFC_UpdateCreditLimit" name="updateNBFCCreditLimit" time="49.901"/>
</testsuite> <!-- Test -->
